# JRE version: Java(TM) SE Runtime Environment (8.0_202-b08) (build 1.8.0_202-b08)
# Java VM: Java HotSpot(TM) 64-Bit Server VM (25.202-b08 mixed mode windows-amd64 compressed oops)
Heap:
 PSYoungGen      total 99328K, used 43350K [0x000000076af80000, 0x0000000772680000, 0x00000007c0000000)
  eden space 98304K, 44% used [0x000000076af80000,0x000000076d9bd980,0x0000000770f80000)
  from space 1024K, 9% used [0x0000000770f80000,0x0000000770f98000,0x0000000771080000)
  to   space 1024K, 0% used [0x0000000771080000,0x0000000771080000,0x0000000771180000)
 ParOldGen       total 175104K, used 739K [0x00000006c0e00000, 0x00000006cb900000, 0x000000076af80000)
  object space 175104K, 0% used [0x00000006c0e00000,0x00000006c0eb8c90,0x00000006cb900000)
 Metaspace       used 2800K, capacity 4490K, committed 4864K, reserved 1056768K
  class space    used 289K, capacity 386K, committed 512K, reserved 1048576K
GC Heap History (10 events):
Event: 1491.014 GC heap before
{Heap before GC invocations=17 (full 0):
 PSYoungGen      total 99328K, used 98336K [0x000000076af80000, 0x0000000772680000, 0x00000007c0000000)
  eden space 98304K, 100% used [0x000000076af80000,0x0000000770f80000,0x0000000770f80000)
  from space 1024K, 3% used [0x0000000771080000,0x0000000771088000,0x0000000771180000)
  to   space 1024K, 0% used [0x0000000770f80000,0x0000000770f80000,0x0000000771080000)
 ParOldGen       total 175104K, used 739K [0x00000006c0e00000, 0x00000006cb900000, 0x000000076af80000)
  object space 175104K, 0% used [0x00000006c0e00000,0x00000006c0eb8c90,0x00000006cb900000)
 Metaspace       used 2798K, capacity 4490K, committed 4864K, reserved 1056768K
  class space    used 289K, capacity 386K, committed 512K, reserved 1048576K
Event: 1491.158 GC heap after
Heap after GC invocations=17 (full 0):
 PSYoungGen      total 99328K, used 96K [0x000000076af80000, 0x0000000772680000, 0x00000007c0000000)
  eden space 98304K, 0% used [0x000000076af80000,0x000000076af80000,0x0000000770f80000)
  from space 1024K, 9% used [0x0000000770f80000,0x0000000770f98000,0x0000000771080000)
  to   space 1024K, 0% used [0x0000000771080000,0x0000000771080000,0x0000000771180000)
 ParOldGen       total 175104K, used 739K [0x00000006c0e00000, 0x00000006cb900000, 0x000000076af80000)
  object space 175104K, 0% used [0x00000006c0e00000,0x00000006c0eb8c90,0x00000006cb900000)
 Metaspace       used 2798K, capacity 4490K, committed 4864K, reserved 1056768K
  class space    used 289K, capacity 386K, committed 512K, reserved 1048576K
}
Event: 1497.775 GC heap before
{Heap before GC invocations=18 (full 0):
 PSYoungGen      total 99328K, used 98399K [0x000000076af80000, 0x0000000772680000, 0x00000007c0000000)
  eden space 98304K, 99% used [0x000000076af80000,0x0000000770f7ffc0,0x0000000770f80000)
  from space 1024K, 9% used [0x0000000770f80000,0x0000000770f98000,0x0000000771080000)
  to   space 1024K, 0% used [0x0000000771080000,0x0000000771080000,0x0000000771180000)
 ParOldGen       total 175104K, used 739K [0x00000006c0e00000, 0x00000006cb900000, 0x000000076af80000)
  object space 175104K, 0% used [0x00000006c0e00000,0x00000006c0eb8c90,0x00000006cb900000)
 Metaspace       used 2798K, capacity 4490K, committed 4864K, reserved 1056768K
  class space    used 289K, capacity 386K, committed 512K, reserved 1048576K
Event: 1497.953 GC heap after
Heap after GC invocations=18 (full 0):
 PSYoungGen      total 99328K, used 96K [0x000000076af80000, 0x0000000772680000, 0x00000007c0000000)
  eden space 98304K, 0% used [0x000000076af80000,0x000000076af80000,0x0000000770f80000)
  from space 1024K, 9% used [0x0000000771080000,0x0000000771098000,0x0000000771180000)
  to   space 1024K, 0% used [0x0000000770f80000,0x0000000770f80000,0x0000000771080000)
 ParOldGen       total 175104K, used 739K [0x00000006c0e00000, 0x00000006cb900000, 0x000000076af80000)
  object space 175104K, 0% used [0x00000006c0e00000,0x00000006c0eb8c90,0x00000006cb900000)
 Metaspace       used 2798K, capacity 4490K, committed 4864K, reserved 1056768K
  class space    used 289K, capacity 386K, committed 512K, reserved 1048576K
}
Event: 1504.355 GC heap before
{Heap before GC invocations=19 (full 0):
 PSYoungGen      total 99328K, used 98400K [0x000000076af80000, 0x0000000772680000, 0x00000007c0000000)
  eden space 98304K, 100% used [0x000000076af80000,0x0000000770f80000,0x0000000770f80000)
  from space 1024K, 9% used [0x0000000771080000,0x0000000771098000,0x0000000771180000)
  to   space 1024K, 0% used [0x0000000770f80000,0x0000000770f80000,0x0000000771080000)
 ParOldGen       total 175104K, used 739K [0x00000006c0e00000, 0x00000006cb900000, 0x000000076af80000)
  object space 175104K, 0% used [0x00000006c0e00000,0x00000006c0eb8c90,0x00000006cb900000)
 Metaspace       used 2798K, capacity 4490K, committed 4864K, reserved 1056768K
  class space    used 289K, capacity 386K, committed 512K, reserved 1048576K
Event: 1504.646 GC heap after
Heap after GC invocations=19 (full 0):
 PSYoungGen      total 99328K, used 64K [0x000000076af80000, 0x0000000772680000, 0x00000007c0000000)
  eden space 98304K, 0% used [0x000000076af80000,0x000000076af80000,0x0000000770f80000)
  from space 1024K, 6% used [0x0000000770f80000,0x0000000770f90000,0x0000000771080000)
  to   space 1024K, 0% used [0x0000000771080000,0x0000000771080000,0x0000000771180000)
 ParOldGen       total 175104K, used 739K [0x00000006c0e00000, 0x00000006cb900000, 0x000000076af80000)
  object space 175104K, 0% used [0x00000006c0e00000,0x00000006c0eb8c90,0x00000006cb900000)
 Metaspace       used 2798K, capacity 4490K, committed 4864K, reserved 1056768K
  class space    used 289K, capacity 386K, committed 512K, reserved 1048576K
}
Event: 1512.031 GC heap before
{Heap before GC invocations=20 (full 0):
 PSYoungGen      total 99328K, used 98368K [0x000000076af80000, 0x0000000772680000, 0x00000007c0000000)
  eden space 98304K, 100% used [0x000000076af80000,0x0000000770f80000,0x0000000770f80000)
  from space 1024K, 6% used [0x0000000770f80000,0x0000000770f90000,0x0000000771080000)
  to   space 1024K, 0% used [0x0000000771080000,0x0000000771080000,0x0000000771180000)
 ParOldGen       total 175104K, used 739K [0x00000006c0e00000, 0x00000006cb900000, 0x000000076af80000)
  object space 175104K, 0% used [0x00000006c0e00000,0x00000006c0eb8c90,0x00000006cb900000)
 Metaspace       used 2798K, capacity 4490K, committed 4864K, reserved 1056768K
  class space    used 289K, capacity 386K, committed 512K, reserved 1048576K
Event: 1512.322 GC heap after
Heap after GC invocations=20 (full 0):
 PSYoungGen      total 99328K, used 96K [0x000000076af80000, 0x0000000772680000, 0x00000007c0000000)
  eden space 98304K, 0% used [0x000000076af80000,0x000000076af80000,0x0000000770f80000)
  from space 1024K, 9% used [0x0000000771080000,0x0000000771098000,0x0000000771180000)
  to   space 1024K, 0% used [0x0000000770f80000,0x0000000770f80000,0x0000000771080000)
 ParOldGen       total 175104K, used 739K [0x00000006c0e00000, 0x00000006cb900000, 0x000000076af80000)
  object space 175104K, 0% used [0x00000006c0e00000,0x00000006c0eb8c90,0x00000006cb900000)
 Metaspace       used 2798K, capacity 4490K, committed 4864K, reserved 1056768K
  class space    used 289K, capacity 386K, committed 512K, reserved 1048576K
}
Event: 1520.098 GC heap before
{Heap before GC invocations=21 (full 0):
 PSYoungGen      total 99328K, used 98400K [0x000000076af80000, 0x0000000772680000, 0x00000007c0000000)
  eden space 98304K, 100% used [0x000000076af80000,0x0000000770f80000,0x0000000770f80000)
  from space 1024K, 9% used [0x0000000771080000,0x0000000771098000,0x0000000771180000)
  to   space 1024K, 0% used [0x0000000770f80000,0x0000000770f80000,0x0000000771080000)
 ParOldGen       total 175104K, used 739K [0x00000006c0e00000, 0x00000006cb900000, 0x000000076af80000)
  object space 175104K, 0% used [0x00000006c0e00000,0x00000006c0eb8c90,0x00000006cb900000)
 Metaspace       used 2798K, capacity 4490K, committed 4864K, reserved 1056768K
  class space    used 289K, capacity 386K, committed 512K, reserved 1048576K
Event: 1520.288 GC heap after
Heap after GC invocations=21 (full 0):
 PSYoungGen      total 99328K, used 96K [0x000000076af80000, 0x0000000772680000, 0x00000007c0000000)
  eden space 98304K, 0% used [0x000000076af80000,0x000000076af80000,0x0000000770f80000)
  from space 1024K, 9% used [0x0000000770f80000,0x0000000770f98000,0x0000000771080000)
  to   space 1024K, 0% used [0x0000000771080000,0x0000000771080000,0x0000000771180000)
 ParOldGen       total 175104K, used 739K [0x00000006c0e00000, 0x00000006cb900000, 0x000000076af80000)
  object space 175104K, 0% used [0x00000006c0e00000,0x00000006c0eb8c90,0x00000006cb900000)
 Metaspace       used 2798K, capacity 4490K, committed 4864K, reserved 1056768K
  class space    used 289K, capacity 386K, committed 512K, reserved 1048576K
}

